[2022-09-21 11:37:29,983: INFO/MainProcess] beat: Starting...
[2022-09-21 11:37:29,993: INFO/MainProcess] Scheduler: Sending due task print-using-crontabs (print_msg_main)
[2022-09-21 11:37:49,996: INFO/MainProcess] Scheduler: Sending due task print-time-twenty-seconds (print_time)
[2022-09-21 11:38:00,000: INFO/MainProcess] Scheduler: Sending due task print-using-crontabs (print_msg_main)
[2022-09-21 11:38:09,988: INFO/MainProcess] Scheduler: Sending due task calculate-forty-seconds (get_calculation)
[2022-09-21 11:38:09,996: INFO/MainProcess] Scheduler: Sending due task print-time-twenty-seconds (print_time)
[2022-09-21 11:38:30,004: INFO/MainProcess] Scheduler: Sending due task print-time-twenty-seconds (print_time)
[2022-09-21 11:38:49,996: INFO/MainProcess] Scheduler: Sending due task calculate-forty-seconds (get_calculation)
[2022-09-21 11:38:50,004: INFO/MainProcess] Scheduler: Sending due task print-time-twenty-seconds (print_time)
[2022-09-21 11:39:00,000: INFO/MainProcess] Scheduler: Sending due task print-using-crontabs (print_msg_main)
[2022-09-21 11:39:10,004: INFO/MainProcess] Scheduler: Sending due task print-time-twenty-seconds (print_time)
[2022-09-21 11:39:30,004: INFO/MainProcess] Scheduler: Sending due task calculate-forty-seconds (get_calculation)
[2022-09-21 11:39:30,007: INFO/MainProcess] Scheduler: Sending due task print-time-twenty-seconds (print_time)
[2022-09-21 11:39:50,016: INFO/MainProcess] Scheduler: Sending due task print-time-twenty-seconds (print_time)
[2022-09-21 11:40:00,000: INFO/MainProcess] Scheduler: Sending due task print-using-crontabs (print_msg_main)
[2022-09-21 11:43:07,223: INFO/MainProcess] beat: Starting...
[2022-09-21 11:43:07,238: INFO/MainProcess] Scheduler: Sending due task print-using-crontabs (print_msg_main)
[2022-09-21 11:43:07,244: INFO/MainProcess] Scheduler: Sending due task print-time-twenty-seconds (print_time)
[2022-09-21 11:43:07,245: INFO/MainProcess] Scheduler: Sending due task calculate-forty-seconds (get_calculation)
[2022-09-21 11:48:47,782: INFO/MainProcess] beat: Starting...
[2022-09-21 11:48:47,788: INFO/MainProcess] Scheduler: Sending due task print-using-crontabs (print_msg_main)
[2022-09-21 11:48:47,792: INFO/MainProcess] Scheduler: Sending due task print-time-twenty-seconds (print_time)
[2022-09-21 11:48:47,793: INFO/MainProcess] Scheduler: Sending due task calculate-forty-seconds (get_calculation)
[2022-09-21 11:49:00,002: INFO/MainProcess] Scheduler: Sending due task print-using-crontabs (print_msg_main)
[2022-09-21 11:49:07,792: INFO/MainProcess] Scheduler: Sending due task print-time-twenty-seconds (print_time)
[2022-09-21 11:49:27,800: INFO/MainProcess] Scheduler: Sending due task print-time-twenty-seconds (print_time)
[2022-09-21 11:49:27,802: INFO/MainProcess] Scheduler: Sending due task calculate-forty-seconds (get_calculation)
[2022-09-21 11:49:47,808: INFO/MainProcess] Scheduler: Sending due task print-time-twenty-seconds (print_time)
[2022-09-21 11:50:00,002: INFO/MainProcess] Scheduler: Sending due task print-using-crontabs (print_msg_main)
[2022-09-21 11:50:07,802: INFO/MainProcess] Scheduler: Sending due task calculate-forty-seconds (get_calculation)
[2022-09-21 11:50:07,808: INFO/MainProcess] Scheduler: Sending due task print-time-twenty-seconds (print_time)
[2022-09-21 11:50:27,815: INFO/MainProcess] Scheduler: Sending due task print-time-twenty-seconds (print_time)
[2022-09-21 11:50:47,812: INFO/MainProcess] Scheduler: Sending due task calculate-forty-seconds (get_calculation)
[2022-09-21 11:50:47,816: INFO/MainProcess] Scheduler: Sending due task print-time-twenty-seconds (print_time)
[2022-09-21 11:51:00,000: INFO/MainProcess] Scheduler: Sending due task print-using-crontabs (print_msg_main)
[2022-09-21 11:51:07,816: INFO/MainProcess] Scheduler: Sending due task print-time-twenty-seconds (print_time)
[2022-09-21 11:51:27,820: INFO/MainProcess] Scheduler: Sending due task calculate-forty-seconds (get_calculation)
[2022-09-21 11:51:27,822: INFO/MainProcess] Scheduler: Sending due task print-time-twenty-seconds (print_time)
[2022-09-21 11:52:42,460: INFO/MainProcess] beat: Starting...
[2022-09-21 11:52:52,466: INFO/MainProcess] Scheduler: Sending due task print-message-ten-seconds (print_msg_main)
[2022-09-21 11:53:02,463: INFO/MainProcess] Scheduler: Sending due task print-message-ten-seconds (print_msg_main)
[2022-09-21 11:53:12,464: INFO/MainProcess] Scheduler: Sending due task print-message-ten-seconds (print_msg_main)
[2022-09-21 11:53:22,464: INFO/MainProcess] Scheduler: Sending due task print-message-ten-seconds (print_msg_main)
[2022-09-21 11:53:32,464: INFO/MainProcess] Scheduler: Sending due task print-message-ten-seconds (print_msg_main)
[2022-09-21 11:53:42,464: INFO/MainProcess] Scheduler: Sending due task print-message-ten-seconds (print_msg_main)
[2022-09-21 11:53:52,464: INFO/MainProcess] Scheduler: Sending due task print-message-ten-seconds (print_msg_main)
[2022-09-21 11:54:02,464: INFO/MainProcess] Scheduler: Sending due task print-message-ten-seconds (print_msg_main)
[2022-09-21 11:54:12,464: INFO/MainProcess] Scheduler: Sending due task print-message-ten-seconds (print_msg_main)
[2022-09-21 11:54:22,464: INFO/MainProcess] Scheduler: Sending due task print-message-ten-seconds (print_msg_main)
[2022-09-21 11:54:32,465: INFO/MainProcess] Scheduler: Sending due task print-message-ten-seconds (print_msg_main)
[2022-09-21 11:54:42,465: INFO/MainProcess] Scheduler: Sending due task print-message-ten-seconds (print_msg_main)
[2022-09-21 11:54:52,465: INFO/MainProcess] Scheduler: Sending due task print-message-ten-seconds (print_msg_main)
[2022-09-21 11:55:02,465: INFO/MainProcess] Scheduler: Sending due task print-message-ten-seconds (print_msg_main)
[2022-09-21 11:55:12,465: INFO/MainProcess] Scheduler: Sending due task print-message-ten-seconds (print_msg_main)
[2022-09-21 11:55:22,465: INFO/MainProcess] Scheduler: Sending due task print-message-ten-seconds (print_msg_main)
[2022-09-21 11:55:32,466: INFO/MainProcess] Scheduler: Sending due task print-message-ten-seconds (print_msg_main)
[2022-09-21 11:55:42,466: INFO/MainProcess] Scheduler: Sending due task print-message-ten-seconds (print_msg_main)
[2022-09-21 11:55:52,466: INFO/MainProcess] Scheduler: Sending due task print-message-ten-seconds (print_msg_main)
[2022-09-21 11:56:02,466: INFO/MainProcess] Scheduler: Sending due task print-message-ten-seconds (print_msg_main)
[2022-09-21 11:56:12,467: INFO/MainProcess] Scheduler: Sending due task print-message-ten-seconds (print_msg_main)
[2022-09-21 11:56:22,467: INFO/MainProcess] Scheduler: Sending due task print-message-ten-seconds (print_msg_main)
